<?xml version="1.0" encoding="UTF-8"?>
<!-- Generated by org.testng.reporters.JUnitXMLReporter -->
<testsuite ignored="0" hostname="LAPTOP-KUNU7KIN" failures="1" tests="3" name="OpenCart Tests" time="37.101" errors="0" timestamp="2021-04-01T10:34:14 BST">
  <testcase classname="testCase.TC_001_AccountRegistration" name="test_accout_Registration" time="6.816">
    <failure type="java.lang.AssertionError" message="expected [true] but found [false]">
      <![CDATA[java.lang.AssertionError: expected [true] but found [false]
at testCase.TC_001_AccountRegistration.test_accout_Registration(TC_001_AccountRegistration.java:66)
at java.base/java.util.ArrayList.forEach(ArrayList.java:1511)
... Removed 31 stack frames]]>
    </failure>
  </testcase> <!-- test_accout_Registration -->
  <testcase classname="testCase.TC_002_Login" name="test_Login" time="5.012"/>
  <testcase classname="testCase.TC_004_ProductSearch" name="test_searchbox" time="14.886"/>
</testsuite> <!-- OpenCart Tests -->
