<?xml version="1.0" encoding="UTF-8"?>
<testng-results ignored="0" total="3" passed="2" failed="1" skipped="0">
  <reporter-output>
  </reporter-output>
  <suite started-at="2021-04-01T10:33:37 BST" name="OpenCart Test Suite" finished-at="2021-04-01T10:34:14 BST" duration-ms="37101">
    <groups>
      <group name="regression">
        <method signature="TC_001_AccountRegistration.test_accout_Registration()[pri:0, instance:testCase.TC_001_AccountRegistration@2eae8e6e]" name="test_accout_Registration" class="testCase.TC_001_AccountRegistration"/>
      </group> <!-- regression -->
      <group name="sanity">
        <method signature="TC_002_Login.test_Login()[pri:0, instance:testCase.TC_002_Login@17f62e33]" name="test_Login" class="testCase.TC_002_Login"/>
      </group> <!-- sanity -->
      <group name="master">
        <method signature="TC_001_AccountRegistration.test_accout_Registration()[pri:0, instance:testCase.TC_001_AccountRegistration@2eae8e6e]" name="test_accout_Registration" class="testCase.TC_001_AccountRegistration"/>
        <method signature="TC_002_Login.test_Login()[pri:0, instance:testCase.TC_002_Login@17f62e33]" name="test_Login" class="testCase.TC_002_Login"/>
        <method signature="TC_004_ProductSearch.test_searchbox()[pri:0, instance:testCase.TC_004_ProductSearch@76b1e9b8]" name="test_searchbox" class="testCase.TC_004_ProductSearch"/>
      </group> <!-- master -->
    </groups>
    <test started-at="2021-04-01T10:33:37 BST" name="OpenCart Tests" finished-at="2021-04-01T10:34:14 BST" duration-ms="37101">
      <class name="testCase.TC_004_ProductSearch">
        <test-method is-config="true" signature="setup(java.lang.String)[pri:0, instance:testCase.TC_004_ProductSearch@76b1e9b8]" started-at="2021-04-01T10:33:57 BST" name="setup" finished-at="2021-04-01T10:33:58 BST" duration-ms="1489" status="PASS">
          <params>
            <param index="0">
              <value>
                <![CDATA[chrome]]>
              </value>
            </param>
          </params>
          <reporter-output>
          </reporter-output>
        </test-method> <!-- setup -->
        <test-method signature="test_searchbox()[pri:0, instance:testCase.TC_004_ProductSearch@76b1e9b8]" started-at="2021-04-01T10:33:58 BST" name="test_searchbox" finished-at="2021-04-01T10:34:13 BST" duration-ms="14886" status="PASS">
          <reporter-output>
          </reporter-output>
        </test-method> <!-- test_searchbox -->
        <test-method is-config="true" signature="tearDown()[pri:0, instance:testCase.TC_004_ProductSearch@76b1e9b8]" started-at="2021-04-01T10:34:13 BST" name="tearDown" finished-at="2021-04-01T10:34:14 BST" duration-ms="764" status="PASS">
          <reporter-output>
          </reporter-output>
        </test-method> <!-- tearDown -->
      </class> <!-- testCase.TC_004_ProductSearch -->
      <class name="testCase.TC_002_Login">
        <test-method is-config="true" signature="setup(java.lang.String)[pri:0, instance:testCase.TC_002_Login@17f62e33]" started-at="2021-04-01T10:33:49 BST" name="setup" finished-at="2021-04-01T10:33:51 BST" duration-ms="1572" status="PASS">
          <params>
            <param index="0">
              <value>
                <![CDATA[chrome]]>
              </value>
            </param>
          </params>
          <reporter-output>
          </reporter-output>
        </test-method> <!-- setup -->
        <test-method signature="test_Login()[pri:0, instance:testCase.TC_002_Login@17f62e33]" started-at="2021-04-01T10:33:51 BST" name="test_Login" finished-at="2021-04-01T10:33:56 BST" duration-ms="5012" status="PASS">
          <reporter-output>
          </reporter-output>
        </test-method> <!-- test_Login -->
        <test-method is-config="true" signature="tearDown()[pri:0, instance:testCase.TC_002_Login@17f62e33]" started-at="2021-04-01T10:33:56 BST" name="tearDown" finished-at="2021-04-01T10:33:57 BST" duration-ms="743" status="PASS">
          <reporter-output>
          </reporter-output>
        </test-method> <!-- tearDown -->
      </class> <!-- testCase.TC_002_Login -->
      <class name="testCase.TC_001_AccountRegistration">
        <test-method is-config="true" signature="setup(java.lang.String)[pri:0, instance:testCase.TC_001_AccountRegistration@2eae8e6e]" started-at="2021-04-01T10:33:37 BST" name="setup" finished-at="2021-04-01T10:33:42 BST" duration-ms="4535" status="PASS">
          <params>
            <param index="0">
              <value>
                <![CDATA[chrome]]>
              </value>
            </param>
          </params>
          <reporter-output>
          </reporter-output>
        </test-method> <!-- setup -->
        <test-method signature="test_accout_Registration()[pri:0, instance:testCase.TC_001_AccountRegistration@2eae8e6e]" started-at="2021-04-01T10:33:42 BST" name="test_accout_Registration" finished-at="2021-04-01T10:33:49 BST" duration-ms="6816" status="FAIL">
          <exception class="java.lang.AssertionError">
            <message>
              <![CDATA[expected [true] but found [false]]]>
            </message>
            <full-stacktrace>
              <![CDATA[java.lang.AssertionError: expected [true] but found [false]
at org.testng.Assert.fail(Assert.java:99)
at org.testng.Assert.failNotEquals(Assert.java:1037)
at org.testng.Assert.assertTrue(Assert.java:45)
at org.testng.Assert.assertTrue(Assert.java:55)
at testCase.TC_001_AccountRegistration.test_accout_Registration(TC_001_AccountRegistration.java:66)
at java.base/jdk.internal.reflect.NativeMethodAccessorImpl.invoke0(Native Method)
at java.base/jdk.internal.reflect.NativeMethodAccessorImpl.invoke(NativeMethodAccessorImpl.java:64)
at java.base/jdk.internal.reflect.DelegatingMethodAccessorImpl.invoke(DelegatingMethodAccessorImpl.java:43)
at java.base/java.lang.reflect.Method.invoke(Method.java:564)
at org.testng.internal.MethodInvocationHelper.invokeMethod(MethodInvocationHelper.java:133)
at org.testng.internal.TestInvoker.invokeMethod(TestInvoker.java:598)
at org.testng.internal.TestInvoker.invokeTestMethod(TestInvoker.java:173)
at org.testng.internal.MethodRunner.runInSequence(MethodRunner.java:46)
at org.testng.internal.TestInvoker$MethodInvocationAgent.invoke(TestInvoker.java:824)
at org.testng.internal.TestInvoker.invokeTestMethods(TestInvoker.java:146)
at org.testng.internal.TestMethodWorker.invokeTestMethods(TestMethodWorker.java:146)
at org.testng.internal.TestMethodWorker.run(TestMethodWorker.java:128)
at java.base/java.util.ArrayList.forEach(ArrayList.java:1511)
at org.testng.TestRunner.privateRun(TestRunner.java:794)
at org.testng.TestRunner.run(TestRunner.java:596)
at org.testng.SuiteRunner.runTest(SuiteRunner.java:377)
at org.testng.SuiteRunner.runSequentially(SuiteRunner.java:371)
at org.testng.SuiteRunner.privateRun(SuiteRunner.java:332)
at org.testng.SuiteRunner.run(SuiteRunner.java:276)
at org.testng.SuiteRunnerWorker.runSuite(SuiteRunnerWorker.java:53)
at org.testng.SuiteRunnerWorker.run(SuiteRunnerWorker.java:96)
at org.testng.TestNG.runSuitesSequentially(TestNG.java:1212)
at org.testng.TestNG.runSuitesLocally(TestNG.java:1134)
at org.testng.TestNG.runSuites(TestNG.java:1063)
at org.testng.TestNG.run(TestNG.java:1031)
at org.testng.remote.AbstractRemoteTestNG.run(AbstractRemoteTestNG.java:115)
at org.testng.remote.RemoteTestNG.initAndRun(RemoteTestNG.java:251)
at org.testng.remote.RemoteTestNG.main(RemoteTestNG.java:77)
]]>
            </full-stacktrace>
          </exception> <!-- java.lang.AssertionError -->
          <reporter-output>
          </reporter-output>
        </test-method> <!-- test_accout_Registration -->
        <test-method is-config="true" signature="tearDown()[pri:0, instance:testCase.TC_001_AccountRegistration@2eae8e6e]" started-at="2021-04-01T10:33:49 BST" name="tearDown" finished-at="2021-04-01T10:33:49 BST" duration-ms="728" status="PASS">
          <reporter-output>
          </reporter-output>
        </test-method> <!-- tearDown -->
      </class> <!-- testCase.TC_001_AccountRegistration -->
    </test> <!-- OpenCart Tests -->
  </suite> <!-- OpenCart Test Suite -->
</testng-results>
